<?xml version="1.0" encoding="UTF-8"?>
<!-- Generated by org.testng.reporters.JUnitReportReporter -->
<testsuite hostname="LAPTOP-P36ABI33" failures="1" tests="2" name="cucumberOptions.TestNGTestRunner" time="31.185" errors="0" timestamp="2024-07-29T22:07:51 IST" skipped="0">
  <testcase classname="cucumberOptions.TestNGTestRunner" name="runScenario" time="15.968">
    <failure message="expected [No data] but found [Beetroot]" type="java.lang.AssertionError">
      <![CDATA[java.lang.AssertionError: expected [No data] but found [Beetroot]
at org.testng.Assert.fail(Assert.java:111)
at org.testng.Assert.failNotEquals(Assert.java:1578)
at org.testng.Assert.assertEqualsImpl(Assert.java:150)
at org.testng.Assert.assertEquals(Assert.java:132)
at org.testng.Assert.assertEquals(Assert.java:656)
at org.testng.Assert.assertEquals(Assert.java:666)
at stepDefinitions.OffersPageSteps.validate_product_name_in_offers_page_matches_with_landing_page(OffersPageSteps.java:44)
at ✽.validate product name in offers page matches with Landing Page(file:///C:/Users/Priji/eclipse-workspace/MyCucumberBDDProjectOne/src/test/resource/features/searchProduct.feature:8)
]]>
    </failure>
  </testcase> <!-- runScenario -->
  <testcase classname="cucumberOptions.TestNGTestRunner" name="runScenario" time="15.217"/>
</testsuite> <!-- cucumberOptions.TestNGTestRunner -->
